Build started 2/27/2014 4:16:57 PM.
     1>Project "\\banner.main.ad.rit.edu\students\rug4133\IGMProfile\Desktop\DX 11 Ass 3\DirectX11_Starter\Toolkit\DirectXTK_Desktop_2012.vcxproj" on node 2 (Rebuild target(s)).
     1>ClCompile:
         C:\Program Files (x86)\Microsoft Visual Studio 11.0\VC\bin\x86_amd64\CL.exe /c /I"\\banner.main.ad.rit.edu\students\rug4133\IGMProfile\Desktop\DX 11 Ass 3\DirectX11_Starter\Toolkit\Inc" /Zi /nologo /W4 /WX- /Od /D _WIN32_WINNT=0x0600 /D _WIN7_PLATFORM_UPDATE /D WIN32 /D _DEBUG /D _LIB /D _UNICODE /D UNICODE /Gm /EHsc /RTC1 /MDd /GS /fp:fast /Zc:wchar_t /Zc:forScope /Yc"pch.h" /Fp"Bin\Desktop_2012\x64\Debug\DirectXTK.pch" /Fo"Bin\Desktop_2012\x64\Debug\\" /Fd"Bin\Desktop_2012\x64\Debug\DirectXTK.pdb" /Gd /TP /errorReport:prompt Src\pch.cpp
         pch.cpp
         C:\Program Files (x86)\Microsoft Visual Studio 11.0\VC\bin\x86_amd64\CL.exe /c /I"\\banner.main.ad.rit.edu\students\rug4133\IGMProfile\Desktop\DX 11 Ass 3\DirectX11_Starter\Toolkit\Inc" /Zi /nologo /W4 /WX- /Od /D _WIN32_WINNT=0x0600 /D _WIN7_PLATFORM_UPDATE /D WIN32 /D _DEBUG /D _LIB /D _UNICODE /D UNICODE /Gm /EHsc /RTC1 /MDd /GS /fp:fast /Zc:wchar_t /Zc:forScope /Yu"pch.h" /Fp"Bin\Desktop_2012\x64\Debug\DirectXTK.pch" /Fo"Bin\Desktop_2012\x64\Debug\\" /Fd"Bin\Desktop_2012\x64\Debug\DirectXTK.pdb" /Gd /TP /errorReport:prompt Src\AlphaTestEffect.cpp Src\BasicEffect.cpp Src\CommonStates.cpp Src\DDSTextureLoader.cpp Src\DGSLEffect.cpp Src\DGSLEffectFactory.cpp Src\DualTextureEffect.cpp Src\BinaryReader.cpp Src\EffectCommon.cpp Src\EffectFactory.cpp Src\EnvironmentMapEffect.cpp Src\GeometricPrimitive.cpp Src\Model.cpp Src\ModelLoadCMO.cpp Src\ModelLoadSDKMESH.cpp Src\ScreenGrab.cpp Src\SkinnedEffect.cpp Src\SpriteBatch.cpp Src\PrimitiveBatch.cpp Src\SpriteFont.cpp Src\VertexTypes.cpp Src\WICTextureLoader.cpp
         WICTextureLoader.cpp
         VertexTypes.cpp
         SpriteFont.cpp
         PrimitiveBatch.cpp
         SpriteBatch.cpp
         SkinnedEffect.cpp
         ScreenGrab.cpp
         ModelLoadSDKMESH.cpp
         ModelLoadCMO.cpp
         Model.cpp
         GeometricPrimitive.cpp
         EnvironmentMapEffect.cpp
         EffectFactory.cpp
         EffectCommon.cpp
         BinaryReader.cpp
         DualTextureEffect.cpp
         DGSLEffectFactory.cpp
         DGSLEffect.cpp
         DDSTextureLoader.cpp
         CommonStates.cpp
         Generating Code...
         Compiling...
         BasicEffect.cpp
         AlphaTestEffect.cpp
         Generating Code...
       Lib:
         C:\Program Files (x86)\Microsoft Visual Studio 11.0\VC\bin\x86_amd64\Lib.exe /OUT:"Bin\Desktop_2012\x64\Debug\DirectXTK.lib" /NOLOGO /MACHINE:X64 Bin\Desktop_2012\x64\Debug\AlphaTestEffect.obj
         Bin\Desktop_2012\x64\Debug\BasicEffect.obj
         Bin\Desktop_2012\x64\Debug\CommonStates.obj
         Bin\Desktop_2012\x64\Debug\DDSTextureLoader.obj
         Bin\Desktop_2012\x64\Debug\DGSLEffect.obj
         Bin\Desktop_2012\x64\Debug\DGSLEffectFactory.obj
         Bin\Desktop_2012\x64\Debug\DualTextureEffect.obj
         Bin\Desktop_2012\x64\Debug\BinaryReader.obj
         Bin\Desktop_2012\x64\Debug\EffectCommon.obj
         Bin\Desktop_2012\x64\Debug\EffectFactory.obj
         Bin\Desktop_2012\x64\Debug\EnvironmentMapEffect.obj
         Bin\Desktop_2012\x64\Debug\GeometricPrimitive.obj
         Bin\Desktop_2012\x64\Debug\Model.obj
         Bin\Desktop_2012\x64\Debug\ModelLoadCMO.obj
         Bin\Desktop_2012\x64\Debug\ModelLoadSDKMESH.obj
         Bin\Desktop_2012\x64\Debug\pch.obj
         Bin\Desktop_2012\x64\Debug\ScreenGrab.obj
         Bin\Desktop_2012\x64\Debug\SkinnedEffect.obj
         Bin\Desktop_2012\x64\Debug\SpriteBatch.obj
         Bin\Desktop_2012\x64\Debug\PrimitiveBatch.obj
         Bin\Desktop_2012\x64\Debug\SpriteFont.obj
         Bin\Desktop_2012\x64\Debug\VertexTypes.obj
         Bin\Desktop_2012\x64\Debug\WICTextureLoader.obj
         DirectXTK_Desktop_2012.vcxproj -> \\banner.main.ad.rit.edu\students\rug4133\IGMProfile\Desktop\DX 11 Ass 3\DirectX11_Starter\Toolkit\Bin\Desktop_2012\x64\Debug\DirectXTK.lib
     1>Done Building Project "\\banner.main.ad.rit.edu\students\rug4133\IGMProfile\Desktop\DX 11 Ass 3\DirectX11_Starter\Toolkit\DirectXTK_Desktop_2012.vcxproj" (Rebuild target(s)).

Build succeeded.

Time Elapsed 00:01:00.46
