\\BANNER.MAIN.AD.RIT.EDU\STUDENTS\RUG4133\IGMPROFILE\DESKTOP\DX 11 ASS 3\DIRECTX11_STARTER\TOOLKIT\BIN\DESKTOP_2012\X64\DEBUG\DIRECTXTK.PCH
\\BANNER.MAIN.AD.RIT.EDU\STUDENTS\RUG4133\IGMPROFILE\DESKTOP\DX 11 ASS 3\DIRECTX11_STARTER\TOOLKIT\BIN\DESKTOP_2012\X64\DEBUG\PCH.OBJ
\\BANNER.MAIN.AD.RIT.EDU\STUDENTS\RUG4133\IGMPROFILE\DESKTOP\DX 11 ASS 3\DIRECTX11_STARTER\TOOLKIT\BIN\DESKTOP_2012\X64\DEBUG\DIRECTXTK.PDB
\\BANNER.MAIN.AD.RIT.EDU\STUDENTS\RUG4133\IGMPROFILE\DESKTOP\DX 11 ASS 3\DIRECTX11_STARTER\TOOLKIT\BIN\DESKTOP_2012\X64\DEBUG\COMMONSTATES.OBJ
\\BANNER.MAIN.AD.RIT.EDU\STUDENTS\RUG4133\IGMPROFILE\DESKTOP\DX 11 ASS 3\DIRECTX11_STARTER\TOOLKIT\BIN\DESKTOP_2012\X64\DEBUG\DDSTEXTURELOADER.OBJ
\\BANNER.MAIN.AD.RIT.EDU\STUDENTS\RUG4133\IGMPROFILE\DESKTOP\DX 11 ASS 3\DIRECTX11_STARTER\TOOLKIT\BIN\DESKTOP_2012\X64\DEBUG\DGSLEFFECT.OBJ
\\BANNER.MAIN.AD.RIT.EDU\STUDENTS\RUG4133\IGMPROFILE\DESKTOP\DX 11 ASS 3\DIRECTX11_STARTER\TOOLKIT\BIN\DESKTOP_2012\X64\DEBUG\DGSLEFFECTFACTORY.OBJ
\\BANNER.MAIN.AD.RIT.EDU\STUDENTS\RUG4133\IGMPROFILE\DESKTOP\DX 11 ASS 3\DIRECTX11_STARTER\TOOLKIT\BIN\DESKTOP_2012\X64\DEBUG\DUALTEXTUREEFFECT.OBJ
\\BANNER.MAIN.AD.RIT.EDU\STUDENTS\RUG4133\IGMPROFILE\DESKTOP\DX 11 ASS 3\DIRECTX11_STARTER\TOOLKIT\BIN\DESKTOP_2012\X64\DEBUG\BINARYREADER.OBJ
\\BANNER.MAIN.AD.RIT.EDU\STUDENTS\RUG4133\IGMPROFILE\DESKTOP\DX 11 ASS 3\DIRECTX11_STARTER\TOOLKIT\BIN\DESKTOP_2012\X64\DEBUG\EFFECTCOMMON.OBJ
\\BANNER.MAIN.AD.RIT.EDU\STUDENTS\RUG4133\IGMPROFILE\DESKTOP\DX 11 ASS 3\DIRECTX11_STARTER\TOOLKIT\BIN\DESKTOP_2012\X64\DEBUG\EFFECTFACTORY.OBJ
\\BANNER.MAIN.AD.RIT.EDU\STUDENTS\RUG4133\IGMPROFILE\DESKTOP\DX 11 ASS 3\DIRECTX11_STARTER\TOOLKIT\BIN\DESKTOP_2012\X64\DEBUG\ENVIRONMENTMAPEFFECT.OBJ
\\BANNER.MAIN.AD.RIT.EDU\STUDENTS\RUG4133\IGMPROFILE\DESKTOP\DX 11 ASS 3\DIRECTX11_STARTER\TOOLKIT\BIN\DESKTOP_2012\X64\DEBUG\GEOMETRICPRIMITIVE.OBJ
\\BANNER.MAIN.AD.RIT.EDU\STUDENTS\RUG4133\IGMPROFILE\DESKTOP\DX 11 ASS 3\DIRECTX11_STARTER\TOOLKIT\BIN\DESKTOP_2012\X64\DEBUG\MODEL.OBJ
\\BANNER.MAIN.AD.RIT.EDU\STUDENTS\RUG4133\IGMPROFILE\DESKTOP\DX 11 ASS 3\DIRECTX11_STARTER\TOOLKIT\BIN\DESKTOP_2012\X64\DEBUG\MODELLOADCMO.OBJ
\\BANNER.MAIN.AD.RIT.EDU\STUDENTS\RUG4133\IGMPROFILE\DESKTOP\DX 11 ASS 3\DIRECTX11_STARTER\TOOLKIT\BIN\DESKTOP_2012\X64\DEBUG\MODELLOADSDKMESH.OBJ
\\BANNER.MAIN.AD.RIT.EDU\STUDENTS\RUG4133\IGMPROFILE\DESKTOP\DX 11 ASS 3\DIRECTX11_STARTER\TOOLKIT\BIN\DESKTOP_2012\X64\DEBUG\SCREENGRAB.OBJ
\\BANNER.MAIN.AD.RIT.EDU\STUDENTS\RUG4133\IGMPROFILE\DESKTOP\DX 11 ASS 3\DIRECTX11_STARTER\TOOLKIT\BIN\DESKTOP_2012\X64\DEBUG\SKINNEDEFFECT.OBJ
\\BANNER.MAIN.AD.RIT.EDU\STUDENTS\RUG4133\IGMPROFILE\DESKTOP\DX 11 ASS 3\DIRECTX11_STARTER\TOOLKIT\BIN\DESKTOP_2012\X64\DEBUG\SPRITEBATCH.OBJ
\\BANNER.MAIN.AD.RIT.EDU\STUDENTS\RUG4133\IGMPROFILE\DESKTOP\DX 11 ASS 3\DIRECTX11_STARTER\TOOLKIT\BIN\DESKTOP_2012\X64\DEBUG\PRIMITIVEBATCH.OBJ
\\BANNER.MAIN.AD.RIT.EDU\STUDENTS\RUG4133\IGMPROFILE\DESKTOP\DX 11 ASS 3\DIRECTX11_STARTER\TOOLKIT\BIN\DESKTOP_2012\X64\DEBUG\SPRITEFONT.OBJ
\\BANNER.MAIN.AD.RIT.EDU\STUDENTS\RUG4133\IGMPROFILE\DESKTOP\DX 11 ASS 3\DIRECTX11_STARTER\TOOLKIT\BIN\DESKTOP_2012\X64\DEBUG\VERTEXTYPES.OBJ
\\BANNER.MAIN.AD.RIT.EDU\STUDENTS\RUG4133\IGMPROFILE\DESKTOP\DX 11 ASS 3\DIRECTX11_STARTER\TOOLKIT\BIN\DESKTOP_2012\X64\DEBUG\WICTEXTURELOADER.OBJ
\\BANNER.MAIN.AD.RIT.EDU\STUDENTS\RUG4133\IGMPROFILE\DESKTOP\DX 11 ASS 3\DIRECTX11_STARTER\TOOLKIT\BIN\DESKTOP_2012\X64\DEBUG\ALPHATESTEFFECT.OBJ
\\BANNER.MAIN.AD.RIT.EDU\STUDENTS\RUG4133\IGMPROFILE\DESKTOP\DX 11 ASS 3\DIRECTX11_STARTER\TOOLKIT\BIN\DESKTOP_2012\X64\DEBUG\BASICEFFECT.OBJ
\\BANNER.MAIN.AD.RIT.EDU\STUDENTS\RUG4133\IGMPROFILE\DESKTOP\DX 11 ASS 3\DIRECTX11_STARTER\TOOLKIT\BIN\DESKTOP_2012\X64\DEBUG\DIRECTXTK.LIB
\\banner.main.ad.rit.edu\students\rug4133\IGMProfile\Desktop\DX 11 Ass 3\DirectX11_Starter\Toolkit\Bin\Desktop_2012\x64\Debug\pch.obj
\\banner.main.ad.rit.edu\students\rug4133\IGMProfile\Desktop\DX 11 Ass 3\DirectX11_Starter\Toolkit\Bin\Desktop_2012\x64\Debug\CommonStates.obj
\\banner.main.ad.rit.edu\students\rug4133\IGMProfile\Desktop\DX 11 Ass 3\DirectX11_Starter\Toolkit\Bin\Desktop_2012\x64\Debug\DDSTextureLoader.obj
\\banner.main.ad.rit.edu\students\rug4133\IGMProfile\Desktop\DX 11 Ass 3\DirectX11_Starter\Toolkit\Bin\Desktop_2012\x64\Debug\DGSLEffect.obj
\\banner.main.ad.rit.edu\students\rug4133\IGMProfile\Desktop\DX 11 Ass 3\DirectX11_Starter\Toolkit\Bin\Desktop_2012\x64\Debug\DGSLEffectFactory.obj
\\banner.main.ad.rit.edu\students\rug4133\IGMProfile\Desktop\DX 11 Ass 3\DirectX11_Starter\Toolkit\Bin\Desktop_2012\x64\Debug\DualTextureEffect.obj
\\banner.main.ad.rit.edu\students\rug4133\IGMProfile\Desktop\DX 11 Ass 3\DirectX11_Starter\Toolkit\Bin\Desktop_2012\x64\Debug\BinaryReader.obj
\\banner.main.ad.rit.edu\students\rug4133\IGMProfile\Desktop\DX 11 Ass 3\DirectX11_Starter\Toolkit\Bin\Desktop_2012\x64\Debug\EffectCommon.obj
\\banner.main.ad.rit.edu\students\rug4133\IGMProfile\Desktop\DX 11 Ass 3\DirectX11_Starter\Toolkit\Bin\Desktop_2012\x64\Debug\EffectFactory.obj
\\banner.main.ad.rit.edu\students\rug4133\IGMProfile\Desktop\DX 11 Ass 3\DirectX11_Starter\Toolkit\Bin\Desktop_2012\x64\Debug\EnvironmentMapEffect.obj
\\banner.main.ad.rit.edu\students\rug4133\IGMProfile\Desktop\DX 11 Ass 3\DirectX11_Starter\Toolkit\Bin\Desktop_2012\x64\Debug\GeometricPrimitive.obj
\\banner.main.ad.rit.edu\students\rug4133\IGMProfile\Desktop\DX 11 Ass 3\DirectX11_Starter\Toolkit\Bin\Desktop_2012\x64\Debug\Model.obj
\\banner.main.ad.rit.edu\students\rug4133\IGMProfile\Desktop\DX 11 Ass 3\DirectX11_Starter\Toolkit\Bin\Desktop_2012\x64\Debug\ModelLoadCMO.obj
\\banner.main.ad.rit.edu\students\rug4133\IGMProfile\Desktop\DX 11 Ass 3\DirectX11_Starter\Toolkit\Bin\Desktop_2012\x64\Debug\ModelLoadSDKMESH.obj
\\banner.main.ad.rit.edu\students\rug4133\IGMProfile\Desktop\DX 11 Ass 3\DirectX11_Starter\Toolkit\Bin\Desktop_2012\x64\Debug\ScreenGrab.obj
\\banner.main.ad.rit.edu\students\rug4133\IGMProfile\Desktop\DX 11 Ass 3\DirectX11_Starter\Toolkit\Bin\Desktop_2012\x64\Debug\SkinnedEffect.obj
\\banner.main.ad.rit.edu\students\rug4133\IGMProfile\Desktop\DX 11 Ass 3\DirectX11_Starter\Toolkit\Bin\Desktop_2012\x64\Debug\SpriteBatch.obj
\\banner.main.ad.rit.edu\students\rug4133\IGMProfile\Desktop\DX 11 Ass 3\DirectX11_Starter\Toolkit\Bin\Desktop_2012\x64\Debug\PrimitiveBatch.obj
\\banner.main.ad.rit.edu\students\rug4133\IGMProfile\Desktop\DX 11 Ass 3\DirectX11_Starter\Toolkit\Bin\Desktop_2012\x64\Debug\SpriteFont.obj
\\banner.main.ad.rit.edu\students\rug4133\IGMProfile\Desktop\DX 11 Ass 3\DirectX11_Starter\Toolkit\Bin\Desktop_2012\x64\Debug\VertexTypes.obj
\\banner.main.ad.rit.edu\students\rug4133\IGMProfile\Desktop\DX 11 Ass 3\DirectX11_Starter\Toolkit\Bin\Desktop_2012\x64\Debug\WICTextureLoader.obj
\\banner.main.ad.rit.edu\students\rug4133\IGMProfile\Desktop\DX 11 Ass 3\DirectX11_Starter\Toolkit\Bin\Desktop_2012\x64\Debug\AlphaTestEffect.obj
\\banner.main.ad.rit.edu\students\rug4133\IGMProfile\Desktop\DX 11 Ass 3\DirectX11_Starter\Toolkit\Bin\Desktop_2012\x64\Debug\BasicEffect.obj
\\banner.main.ad.rit.edu\students\rug4133\IGMProfile\Desktop\DX 11 Ass 3\DirectX11_Starter\Toolkit\Bin\Desktop_2012\x64\Debug\CL.read.1.tlog
\\banner.main.ad.rit.edu\students\rug4133\IGMProfile\Desktop\DX 11 Ass 3\DirectX11_Starter\Toolkit\Bin\Desktop_2012\x64\Debug\CL.write.1.tlog
\\banner.main.ad.rit.edu\students\rug4133\IGMProfile\Desktop\DX 11 Ass 3\DirectX11_Starter\Toolkit\Bin\Desktop_2012\x64\Debug\cl.command.1.tlog
\\banner.main.ad.rit.edu\students\rug4133\IGMProfile\Desktop\DX 11 Ass 3\DirectX11_Starter\Toolkit\Bin\Desktop_2012\x64\Debug\Lib-link.read.1.tlog
\\banner.main.ad.rit.edu\students\rug4133\IGMProfile\Desktop\DX 11 Ass 3\DirectX11_Starter\Toolkit\Bin\Desktop_2012\x64\Debug\Lib-link.write.1.tlog
\\banner.main.ad.rit.edu\students\rug4133\IGMProfile\Desktop\DX 11 Ass 3\DirectX11_Starter\Toolkit\Bin\Desktop_2012\x64\Debug\lib.command.1.tlog
\\banner.main.ad.rit.edu\students\rug4133\IGMProfile\Desktop\DX 11 Ass 3\DirectX11_Starter\Toolkit\Bin\Desktop_2012\x64\Debug\DirectXTK.pch
\\banner.main.ad.rit.edu\students\rug4133\IGMProfile\Desktop\DX 11 Ass 3\DirectX11_Starter\Toolkit\Bin\Desktop_2012\x64\Debug\DirectXTK.idb
\\banner.main.ad.rit.edu\students\rug4133\IGMProfile\Desktop\DX 11 Ass 3\DirectX11_Starter\Toolkit\Bin\Desktop_2012\x64\Debug\directxtk.pdb
\\banner.main.ad.rit.edu\students\rug4133\IGMProfile\Desktop\DX 11 Ass 3\DirectX11_Starter\Toolkit\Bin\Desktop_2012\x64\Debug\DirectXTK.lib
