\\BANNER.MAIN.AD.RIT.EDU\STUDENTS\RUG4133\IGMPROFILE\DESKTOP\DX 11 ASS 3\DEBUG\PIXELSHADER.CSO
\\BANNER.MAIN.AD.RIT.EDU\STUDENTS\RUG4133\IGMPROFILE\DESKTOP\DX 11 ASS 3\DEBUG\VERTEXSHADER.CSO
\\banner.main.ad.rit.edu\students\rug4133\IGMProfile\Desktop\DX 11 Ass 3\Debug\PixelShader.cso
\\banner.main.ad.rit.edu\students\rug4133\IGMProfile\Desktop\DX 11 Ass 3\Debug\VertexShader.cso
\\BANNER.MAIN.AD.RIT.EDU\STUDENTS\RUG4133\IGMPROFILE\DESKTOP\DX 11 ASS 3\DIRECTX11_STARTER\DEBUG\ENTITY.OBJ
\\BANNER.MAIN.AD.RIT.EDU\STUDENTS\RUG4133\IGMPROFILE\DESKTOP\DX 11 ASS 3\DIRECTX11_STARTER\DEBUG\DXGAME.OBJ
\\BANNER.MAIN.AD.RIT.EDU\STUDENTS\RUG4133\IGMPROFILE\DESKTOP\DX 11 ASS 3\DIRECTX11_STARTER\DEBUG\DEMOGAME.OBJ
\\BANNER.MAIN.AD.RIT.EDU\STUDENTS\RUG4133\IGMPROFILE\DESKTOP\DX 11 ASS 3\DIRECTX11_STARTER\DEBUG\MESH.OBJ
\\BANNER.MAIN.AD.RIT.EDU\STUDENTS\RUG4133\IGMPROFILE\DESKTOP\DX 11 ASS 3\DIRECTX11_STARTER\DEBUG\MATERIAL.OBJ
\\BANNER.MAIN.AD.RIT.EDU\STUDENTS\RUG4133\IGMPROFILE\DESKTOP\DX 11 ASS 3\DIRECTX11_STARTER\DEBUG\GAMETIMER.OBJ
\\BANNER.MAIN.AD.RIT.EDU\STUDENTS\RUG4133\IGMPROFILE\DESKTOP\DX 11 ASS 3\DIRECTX11_STARTER\DEBUG\DXERR.OBJ
\\BANNER.MAIN.AD.RIT.EDU\STUDENTS\RUG4133\IGMPROFILE\DESKTOP\DX 11 ASS 3\DIRECTX11_STARTER\DEBUG\VC110.PDB
\\BANNER.MAIN.AD.RIT.EDU\STUDENTS\RUG4133\IGMPROFILE\DESKTOP\DX 11 ASS 3\DIRECTX11_STARTER\DEBUG\.NETFRAMEWORK,VERSION=V4.0.ASSEMBLYATTRIBUTES.OBJ
\\BANNER.MAIN.AD.RIT.EDU\STUDENTS\RUG4133\IGMPROFILE\DESKTOP\DX 11 ASS 3\DEBUG\DIRECTX11_STARTER.ILK
\\BANNER.MAIN.AD.RIT.EDU\STUDENTS\RUG4133\IGMPROFILE\DESKTOP\DX 11 ASS 3\DEBUG\DIRECTX11_STARTER.EXE
\\BANNER.MAIN.AD.RIT.EDU\STUDENTS\RUG4133\IGMPROFILE\DESKTOP\DX 11 ASS 3\DEBUG\DIRECTX11_STARTER.PDB
\\banner.main.ad.rit.edu\students\rug4133\IGMProfile\Desktop\DX 11 Ass 3\DirectX11_Starter\Debug\DirectX11_Starter.vcxprojResolveAssemblyReference.cache
\\banner.main.ad.rit.edu\students\rug4133\IGMProfile\Desktop\DX 11 Ass 3\DirectX11_Starter\Debug\dxerr.obj
\\banner.main.ad.rit.edu\students\rug4133\IGMProfile\Desktop\DX 11 Ass 3\DirectX11_Starter\Debug\Entity.obj
\\banner.main.ad.rit.edu\students\rug4133\IGMProfile\Desktop\DX 11 Ass 3\DirectX11_Starter\Debug\GameTimer.obj
\\banner.main.ad.rit.edu\students\rug4133\IGMProfile\Desktop\DX 11 Ass 3\DirectX11_Starter\Debug\DemoGame.obj
\\banner.main.ad.rit.edu\students\rug4133\IGMProfile\Desktop\DX 11 Ass 3\DirectX11_Starter\Debug\DXGame.obj
\\banner.main.ad.rit.edu\students\rug4133\IGMProfile\Desktop\DX 11 Ass 3\DirectX11_Starter\Debug\Mesh.obj
\\banner.main.ad.rit.edu\students\rug4133\IGMProfile\Desktop\DX 11 Ass 3\DirectX11_Starter\Debug\Material.obj
\\banner.main.ad.rit.edu\students\rug4133\IGMProfile\Desktop\DX 11 Ass 3\DirectX11_Starter\Debug\.NETFramework,Version=v4.0.AssemblyAttributes.obj
\\banner.main.ad.rit.edu\students\rug4133\IGMProfile\Desktop\DX 11 Ass 3\DirectX11_Starter\Debug\fxc.read.1.tlog
\\banner.main.ad.rit.edu\students\rug4133\IGMProfile\Desktop\DX 11 Ass 3\DirectX11_Starter\Debug\fxc.write.1.tlog
\\banner.main.ad.rit.edu\students\rug4133\IGMProfile\Desktop\DX 11 Ass 3\DirectX11_Starter\Debug\FXC.command.1.tlog
\\banner.main.ad.rit.edu\students\rug4133\IGMProfile\Desktop\DX 11 Ass 3\DirectX11_Starter\Debug\DirectX11_Starter.write.1.tlog
\\banner.main.ad.rit.edu\students\rug4133\IGMProfile\Desktop\DX 11 Ass 3\DirectX11_Starter\Debug\metagen.write.1.tlog
\\banner.main.ad.rit.edu\students\rug4133\IGMProfile\Desktop\DX 11 Ass 3\DirectX11_Starter\Debug\CL.read.1.tlog
\\banner.main.ad.rit.edu\students\rug4133\IGMProfile\Desktop\DX 11 Ass 3\DirectX11_Starter\Debug\CL.write.1.tlog
\\banner.main.ad.rit.edu\students\rug4133\IGMProfile\Desktop\DX 11 Ass 3\DirectX11_Starter\Debug\cl.command.1.tlog
\\banner.main.ad.rit.edu\students\rug4133\IGMProfile\Desktop\DX 11 Ass 3\DirectX11_Starter\Debug\link.6304-rc.read.1.tlog
\\banner.main.ad.rit.edu\students\rug4133\IGMProfile\Desktop\DX 11 Ass 3\DirectX11_Starter\Debug\link.6304-cvtres.read.1.tlog
\\banner.main.ad.rit.edu\students\rug4133\IGMProfile\Desktop\DX 11 Ass 3\DirectX11_Starter\Debug\link.6304.read.1.tlog
\\banner.main.ad.rit.edu\students\rug4133\IGMProfile\Desktop\DX 11 Ass 3\DirectX11_Starter\Debug\link.read.1.tlog
\\banner.main.ad.rit.edu\students\rug4133\IGMProfile\Desktop\DX 11 Ass 3\DirectX11_Starter\Debug\link.command.1.tlog
\\banner.main.ad.rit.edu\students\rug4133\IGMProfile\Desktop\DX 11 Ass 3\DirectX11_Starter\Debug\link.3876-rc.write.1.tlog
\\banner.main.ad.rit.edu\students\rug4133\IGMProfile\Desktop\DX 11 Ass 3\DirectX11_Starter\Debug\link.3876-cvtres.write.1.tlog
\\banner.main.ad.rit.edu\students\rug4133\IGMProfile\Desktop\DX 11 Ass 3\DirectX11_Starter\Debug\link.3876.write.1.tlog
\\banner.main.ad.rit.edu\students\rug4133\IGMProfile\Desktop\DX 11 Ass 3\DirectX11_Starter\Debug\link.6080-cvtres.read.1.tlog
\\banner.main.ad.rit.edu\students\rug4133\IGMProfile\Desktop\DX 11 Ass 3\DirectX11_Starter\Debug\link.7676-rc.write.1.tlog
\\banner.main.ad.rit.edu\students\rug4133\IGMProfile\Desktop\DX 11 Ass 3\DirectX11_Starter\Debug\link.7676-cvtres.write.1.tlog
\\banner.main.ad.rit.edu\students\rug4133\IGMProfile\Desktop\DX 11 Ass 3\DirectX11_Starter\Debug\link.7676.write.1.tlog
\\banner.main.ad.rit.edu\students\rug4133\IGMProfile\Desktop\DX 11 Ass 3\DirectX11_Starter\Debug\link.7964-rc.read.1.tlog
\\banner.main.ad.rit.edu\students\rug4133\IGMProfile\Desktop\DX 11 Ass 3\DirectX11_Starter\Debug\link.7964-cvtres.read.1.tlog
\\banner.main.ad.rit.edu\students\rug4133\IGMProfile\Desktop\DX 11 Ass 3\DirectX11_Starter\Debug\link.7964.read.1.tlog
\\banner.main.ad.rit.edu\students\rug4133\IGMProfile\Desktop\DX 11 Ass 3\DirectX11_Starter\Debug\link.6080-cvtres.write.1.tlog
\\banner.main.ad.rit.edu\students\rug4133\IGMProfile\Desktop\DX 11 Ass 3\DirectX11_Starter\Debug\link.5300-rc.write.1.tlog
\\banner.main.ad.rit.edu\students\rug4133\IGMProfile\Desktop\DX 11 Ass 3\DirectX11_Starter\Debug\link.5300.read.1.tlog
\\banner.main.ad.rit.edu\students\rug4133\IGMProfile\Desktop\DX 11 Ass 3\DirectX11_Starter\Debug\link.2292-cvtres.read.1.tlog
\\banner.main.ad.rit.edu\students\rug4133\IGMProfile\Desktop\DX 11 Ass 3\DirectX11_Starter\Debug\link.2292.write.1.tlog
\\banner.main.ad.rit.edu\students\rug4133\IGMProfile\Desktop\DX 11 Ass 3\DirectX11_Starter\Debug\link.4716-rc.write.1.tlog
\\banner.main.ad.rit.edu\students\rug4133\IGMProfile\Desktop\DX 11 Ass 3\DirectX11_Starter\Debug\link.4716.read.1.tlog
\\banner.main.ad.rit.edu\students\rug4133\IGMProfile\Desktop\DX 11 Ass 3\DirectX11_Starter\Debug\link.5744-rc.read.1.tlog
\\banner.main.ad.rit.edu\students\rug4133\IGMProfile\Desktop\DX 11 Ass 3\DirectX11_Starter\Debug\link.5744-cvtres.write.1.tlog
\\banner.main.ad.rit.edu\students\rug4133\IGMProfile\Desktop\DX 11 Ass 3\DirectX11_Starter\Debug\link.5744.write.1.tlog
\\banner.main.ad.rit.edu\students\rug4133\IGMProfile\Desktop\DX 11 Ass 3\DirectX11_Starter\Debug\link.5800-cvtres.read.1.tlog
\\banner.main.ad.rit.edu\students\rug4133\IGMProfile\Desktop\DX 11 Ass 3\DirectX11_Starter\Debug\link.5800.read.1.tlog
\\banner.main.ad.rit.edu\students\rug4133\IGMProfile\Desktop\DX 11 Ass 3\DirectX11_Starter\Debug\link.6080-rc.read.1.tlog
\\banner.main.ad.rit.edu\students\rug4133\IGMProfile\Desktop\DX 11 Ass 3\DirectX11_Starter\Debug\link.5480.read.1.tlog
\\banner.main.ad.rit.edu\students\rug4133\IGMProfile\Desktop\DX 11 Ass 3\DirectX11_Starter\Debug\metagen.read.1.tlog
\\banner.main.ad.rit.edu\students\rug4133\IGMProfile\Desktop\DX 11 Ass 3\DirectX11_Starter\Debug\link.6304-rc.write.1.tlog
\\banner.main.ad.rit.edu\students\rug4133\IGMProfile\Desktop\DX 11 Ass 3\DirectX11_Starter\Debug\link.6304-cvtres.write.1.tlog
\\banner.main.ad.rit.edu\students\rug4133\IGMProfile\Desktop\DX 11 Ass 3\DirectX11_Starter\Debug\link.6304.write.1.tlog
\\banner.main.ad.rit.edu\students\rug4133\IGMProfile\Desktop\DX 11 Ass 3\DirectX11_Starter\Debug\link.write.1.tlog
\\banner.main.ad.rit.edu\students\rug4133\IGMProfile\Desktop\DX 11 Ass 3\DirectX11_Starter\Debug\link.3876-rc.read.1.tlog
\\banner.main.ad.rit.edu\students\rug4133\IGMProfile\Desktop\DX 11 Ass 3\DirectX11_Starter\Debug\link.3876-cvtres.read.1.tlog
\\banner.main.ad.rit.edu\students\rug4133\IGMProfile\Desktop\DX 11 Ass 3\DirectX11_Starter\Debug\link.3876.read.1.tlog
\\banner.main.ad.rit.edu\students\rug4133\IGMProfile\Desktop\DX 11 Ass 3\DirectX11_Starter\Debug\link.7676-rc.read.1.tlog
\\banner.main.ad.rit.edu\students\rug4133\IGMProfile\Desktop\DX 11 Ass 3\DirectX11_Starter\Debug\link.7676-cvtres.read.1.tlog
\\banner.main.ad.rit.edu\students\rug4133\IGMProfile\Desktop\DX 11 Ass 3\DirectX11_Starter\Debug\link.7676.read.1.tlog
\\banner.main.ad.rit.edu\students\rug4133\IGMProfile\Desktop\DX 11 Ass 3\DirectX11_Starter\Debug\link.4700-rc.write.1.tlog
\\banner.main.ad.rit.edu\students\rug4133\IGMProfile\Desktop\DX 11 Ass 3\DirectX11_Starter\Debug\link.7964-rc.write.1.tlog
\\banner.main.ad.rit.edu\students\rug4133\IGMProfile\Desktop\DX 11 Ass 3\DirectX11_Starter\Debug\link.7964-cvtres.write.1.tlog
\\banner.main.ad.rit.edu\students\rug4133\IGMProfile\Desktop\DX 11 Ass 3\DirectX11_Starter\Debug\link.7964.write.1.tlog
\\banner.main.ad.rit.edu\students\rug4133\IGMProfile\Desktop\DX 11 Ass 3\DirectX11_Starter\Debug\link.5300-rc.read.1.tlog
\\banner.main.ad.rit.edu\students\rug4133\IGMProfile\Desktop\DX 11 Ass 3\DirectX11_Starter\Debug\link.5300-cvtres.read.1.tlog
\\banner.main.ad.rit.edu\students\rug4133\IGMProfile\Desktop\DX 11 Ass 3\DirectX11_Starter\Debug\link.5300.write.1.tlog
\\banner.main.ad.rit.edu\students\rug4133\IGMProfile\Desktop\DX 11 Ass 3\DirectX11_Starter\Debug\link.4700-cvtres.read.1.tlog
\\banner.main.ad.rit.edu\students\rug4133\IGMProfile\Desktop\DX 11 Ass 3\DirectX11_Starter\Debug\link.2292-rc.write.1.tlog
\\banner.main.ad.rit.edu\students\rug4133\IGMProfile\Desktop\DX 11 Ass 3\DirectX11_Starter\Debug\link.2292.read.1.tlog
\\banner.main.ad.rit.edu\students\rug4133\IGMProfile\Desktop\DX 11 Ass 3\DirectX11_Starter\Debug\link.4716-rc.read.1.tlog
\\banner.main.ad.rit.edu\students\rug4133\IGMProfile\Desktop\DX 11 Ass 3\DirectX11_Starter\Debug\link.4716-cvtres.write.1.tlog
\\banner.main.ad.rit.edu\students\rug4133\IGMProfile\Desktop\DX 11 Ass 3\DirectX11_Starter\Debug\link.4716.write.1.tlog
\\banner.main.ad.rit.edu\students\rug4133\IGMProfile\Desktop\DX 11 Ass 3\DirectX11_Starter\Debug\link.5744-cvtres.read.1.tlog
\\banner.main.ad.rit.edu\students\rug4133\IGMProfile\Desktop\DX 11 Ass 3\DirectX11_Starter\Debug\link.5744.read.1.tlog
\\banner.main.ad.rit.edu\students\rug4133\IGMProfile\Desktop\DX 11 Ass 3\DirectX11_Starter\Debug\link.5800-rc.read.1.tlog
\\banner.main.ad.rit.edu\students\rug4133\IGMProfile\Desktop\DX 11 Ass 3\DirectX11_Starter\Debug\link.5800-cvtres.write.1.tlog
\\banner.main.ad.rit.edu\students\rug4133\IGMProfile\Desktop\DX 11 Ass 3\DirectX11_Starter\Debug\link.5800.write.1.tlog
\\banner.main.ad.rit.edu\students\rug4133\IGMProfile\Desktop\DX 11 Ass 3\DirectX11_Starter\Debug\link.4700.read.1.tlog
\\banner.main.ad.rit.edu\students\rug4133\IGMProfile\Desktop\DX 11 Ass 3\DirectX11_Starter\Debug\link.5300-cvtres.write.1.tlog
\\banner.main.ad.rit.edu\students\rug4133\IGMProfile\Desktop\DX 11 Ass 3\DirectX11_Starter\Debug\link.2292-rc.read.1.tlog
\\banner.main.ad.rit.edu\students\rug4133\IGMProfile\Desktop\DX 11 Ass 3\DirectX11_Starter\Debug\link.2292-cvtres.write.1.tlog
\\banner.main.ad.rit.edu\students\rug4133\IGMProfile\Desktop\DX 11 Ass 3\DirectX11_Starter\Debug\link.4716-cvtres.read.1.tlog
\\banner.main.ad.rit.edu\students\rug4133\IGMProfile\Desktop\DX 11 Ass 3\DirectX11_Starter\Debug\link.5744-rc.write.1.tlog
\\banner.main.ad.rit.edu\students\rug4133\IGMProfile\Desktop\DX 11 Ass 3\DirectX11_Starter\Debug\link.5800-rc.write.1.tlog
\\banner.main.ad.rit.edu\students\rug4133\IGMProfile\Desktop\DX 11 Ass 3\DirectX11_Starter\Debug\link.6080-rc.write.1.tlog
\\banner.main.ad.rit.edu\students\rug4133\IGMProfile\Desktop\DX 11 Ass 3\DirectX11_Starter\Debug\link.6080.read.1.tlog
\\banner.main.ad.rit.edu\students\rug4133\IGMProfile\Desktop\DX 11 Ass 3\DirectX11_Starter\Debug\link.6080.write.1.tlog
\\banner.main.ad.rit.edu\students\rug4133\IGMProfile\Desktop\DX 11 Ass 3\DirectX11_Starter\Debug\link.4280-rc.read.1.tlog
\\banner.main.ad.rit.edu\students\rug4133\IGMProfile\Desktop\DX 11 Ass 3\DirectX11_Starter\Debug\link.4280-rc.write.1.tlog
\\banner.main.ad.rit.edu\students\rug4133\IGMProfile\Desktop\DX 11 Ass 3\DirectX11_Starter\Debug\link.4280-cvtres.read.1.tlog
\\banner.main.ad.rit.edu\students\rug4133\IGMProfile\Desktop\DX 11 Ass 3\DirectX11_Starter\Debug\link.4280-cvtres.write.1.tlog
\\banner.main.ad.rit.edu\students\rug4133\IGMProfile\Desktop\DX 11 Ass 3\DirectX11_Starter\Debug\link.4280.read.1.tlog
\\banner.main.ad.rit.edu\students\rug4133\IGMProfile\Desktop\DX 11 Ass 3\DirectX11_Starter\Debug\link.4280.write.1.tlog
\\banner.main.ad.rit.edu\students\rug4133\IGMProfile\Desktop\DX 11 Ass 3\DirectX11_Starter\Debug\link.4700-cvtres.write.1.tlog
\\banner.main.ad.rit.edu\students\rug4133\IGMProfile\Desktop\DX 11 Ass 3\DirectX11_Starter\Debug\link.3496-rc.read.1.tlog
\\banner.main.ad.rit.edu\students\rug4133\IGMProfile\Desktop\DX 11 Ass 3\DirectX11_Starter\Debug\link.3496-rc.write.1.tlog
\\banner.main.ad.rit.edu\students\rug4133\IGMProfile\Desktop\DX 11 Ass 3\DirectX11_Starter\Debug\link.3496-cvtres.read.1.tlog
\\banner.main.ad.rit.edu\students\rug4133\IGMProfile\Desktop\DX 11 Ass 3\DirectX11_Starter\Debug\link.3496-cvtres.write.1.tlog
\\banner.main.ad.rit.edu\students\rug4133\IGMProfile\Desktop\DX 11 Ass 3\DirectX11_Starter\Debug\link.3496.read.1.tlog
\\banner.main.ad.rit.edu\students\rug4133\IGMProfile\Desktop\DX 11 Ass 3\DirectX11_Starter\Debug\link.3496.write.1.tlog
\\banner.main.ad.rit.edu\students\rug4133\IGMProfile\Desktop\DX 11 Ass 3\DirectX11_Starter\Debug\link.4700-rc.read.1.tlog
\\banner.main.ad.rit.edu\students\rug4133\IGMProfile\Desktop\DX 11 Ass 3\DirectX11_Starter\Debug\link.4700.write.1.tlog
\\banner.main.ad.rit.edu\students\rug4133\IGMProfile\Desktop\DX 11 Ass 3\DirectX11_Starter\Debug\link.5480-rc.read.1.tlog
\\banner.main.ad.rit.edu\students\rug4133\IGMProfile\Desktop\DX 11 Ass 3\DirectX11_Starter\Debug\link.5480-rc.write.1.tlog
\\banner.main.ad.rit.edu\students\rug4133\IGMProfile\Desktop\DX 11 Ass 3\DirectX11_Starter\Debug\link.5480-cvtres.read.1.tlog
\\banner.main.ad.rit.edu\students\rug4133\IGMProfile\Desktop\DX 11 Ass 3\DirectX11_Starter\Debug\link.5480-cvtres.write.1.tlog
\\banner.main.ad.rit.edu\students\rug4133\IGMProfile\Desktop\DX 11 Ass 3\DirectX11_Starter\Debug\link.5480.write.1.tlog
\\banner.main.ad.rit.edu\students\rug4133\IGMProfile\Desktop\DX 11 Ass 3\DirectX11_Starter\Debug\link.1876-rc.read.1.tlog
\\banner.main.ad.rit.edu\students\rug4133\IGMProfile\Desktop\DX 11 Ass 3\DirectX11_Starter\Debug\link.1876-rc.write.1.tlog
\\banner.main.ad.rit.edu\students\rug4133\IGMProfile\Desktop\DX 11 Ass 3\DirectX11_Starter\Debug\link.1876-cvtres.read.1.tlog
\\banner.main.ad.rit.edu\students\rug4133\IGMProfile\Desktop\DX 11 Ass 3\DirectX11_Starter\Debug\link.1876-cvtres.write.1.tlog
\\banner.main.ad.rit.edu\students\rug4133\IGMProfile\Desktop\DX 11 Ass 3\DirectX11_Starter\Debug\link.1876.read.1.tlog
\\banner.main.ad.rit.edu\students\rug4133\IGMProfile\Desktop\DX 11 Ass 3\DirectX11_Starter\Debug\link.1876.write.1.tlog
\\banner.main.ad.rit.edu\students\rug4133\IGMProfile\Desktop\DX 11 Ass 3\DirectX11_Starter\Debug\link.2176-rc.read.1.tlog
\\banner.main.ad.rit.edu\students\rug4133\IGMProfile\Desktop\DX 11 Ass 3\DirectX11_Starter\Debug\link.2176-rc.write.1.tlog
\\banner.main.ad.rit.edu\students\rug4133\IGMProfile\Desktop\DX 11 Ass 3\DirectX11_Starter\Debug\link.2176-cvtres.read.1.tlog
\\banner.main.ad.rit.edu\students\rug4133\IGMProfile\Desktop\DX 11 Ass 3\DirectX11_Starter\Debug\link.2176-cvtres.write.1.tlog
\\banner.main.ad.rit.edu\students\rug4133\IGMProfile\Desktop\DX 11 Ass 3\DirectX11_Starter\Debug\link.2176.read.1.tlog
\\banner.main.ad.rit.edu\students\rug4133\IGMProfile\Desktop\DX 11 Ass 3\DirectX11_Starter\Debug\link.2176.write.1.tlog
\\banner.main.ad.rit.edu\students\rug4133\IGMProfile\Desktop\DX 11 Ass 3\DirectX11_Starter\Debug\link.4520-rc.read.1.tlog
\\banner.main.ad.rit.edu\students\rug4133\IGMProfile\Desktop\DX 11 Ass 3\DirectX11_Starter\Debug\link.4520-rc.write.1.tlog
\\banner.main.ad.rit.edu\students\rug4133\IGMProfile\Desktop\DX 11 Ass 3\DirectX11_Starter\Debug\link.4520-cvtres.read.1.tlog
\\banner.main.ad.rit.edu\students\rug4133\IGMProfile\Desktop\DX 11 Ass 3\DirectX11_Starter\Debug\link.4520-cvtres.write.1.tlog
\\banner.main.ad.rit.edu\students\rug4133\IGMProfile\Desktop\DX 11 Ass 3\DirectX11_Starter\Debug\link.4520.read.1.tlog
\\banner.main.ad.rit.edu\students\rug4133\IGMProfile\Desktop\DX 11 Ass 3\DirectX11_Starter\Debug\link.4520.write.1.tlog
\\banner.main.ad.rit.edu\students\rug4133\IGMProfile\Desktop\DX 11 Ass 3\DirectX11_Starter\Debug\link.5288-rc.read.1.tlog
\\banner.main.ad.rit.edu\students\rug4133\IGMProfile\Desktop\DX 11 Ass 3\DirectX11_Starter\Debug\link.5288-rc.write.1.tlog
\\banner.main.ad.rit.edu\students\rug4133\IGMProfile\Desktop\DX 11 Ass 3\DirectX11_Starter\Debug\link.5288-cvtres.read.1.tlog
\\banner.main.ad.rit.edu\students\rug4133\IGMProfile\Desktop\DX 11 Ass 3\DirectX11_Starter\Debug\link.5288-cvtres.write.1.tlog
\\banner.main.ad.rit.edu\students\rug4133\IGMProfile\Desktop\DX 11 Ass 3\DirectX11_Starter\Debug\link.5288.read.1.tlog
\\banner.main.ad.rit.edu\students\rug4133\IGMProfile\Desktop\DX 11 Ass 3\DirectX11_Starter\Debug\link.5288.write.1.tlog
\\banner.main.ad.rit.edu\students\rug4133\IGMProfile\Desktop\DX 11 Ass 3\DirectX11_Starter\Debug\link.3468-rc.read.1.tlog
\\banner.main.ad.rit.edu\students\rug4133\IGMProfile\Desktop\DX 11 Ass 3\DirectX11_Starter\Debug\link.3468-rc.write.1.tlog
\\banner.main.ad.rit.edu\students\rug4133\IGMProfile\Desktop\DX 11 Ass 3\DirectX11_Starter\Debug\link.3468-cvtres.read.1.tlog
\\banner.main.ad.rit.edu\students\rug4133\IGMProfile\Desktop\DX 11 Ass 3\DirectX11_Starter\Debug\link.3468-cvtres.write.1.tlog
\\banner.main.ad.rit.edu\students\rug4133\IGMProfile\Desktop\DX 11 Ass 3\DirectX11_Starter\Debug\link.3468.read.1.tlog
\\banner.main.ad.rit.edu\students\rug4133\IGMProfile\Desktop\DX 11 Ass 3\DirectX11_Starter\Debug\link.3468.write.1.tlog
\\banner.main.ad.rit.edu\students\rug4133\IGMProfile\Desktop\DX 11 Ass 3\DirectX11_Starter\Debug\link.3904-rc.read.1.tlog
\\banner.main.ad.rit.edu\students\rug4133\IGMProfile\Desktop\DX 11 Ass 3\DirectX11_Starter\Debug\link.3904-rc.write.1.tlog
\\banner.main.ad.rit.edu\students\rug4133\IGMProfile\Desktop\DX 11 Ass 3\DirectX11_Starter\Debug\link.3904-cvtres.read.1.tlog
\\banner.main.ad.rit.edu\students\rug4133\IGMProfile\Desktop\DX 11 Ass 3\DirectX11_Starter\Debug\link.3904-cvtres.write.1.tlog
\\banner.main.ad.rit.edu\students\rug4133\IGMProfile\Desktop\DX 11 Ass 3\DirectX11_Starter\Debug\link.3904.read.1.tlog
\\banner.main.ad.rit.edu\students\rug4133\IGMProfile\Desktop\DX 11 Ass 3\DirectX11_Starter\Debug\link.3904.write.1.tlog
\\banner.main.ad.rit.edu\students\rug4133\IGMProfile\Desktop\DX 11 Ass 3\DirectX11_Starter\Debug\link.1432-rc.read.1.tlog
\\banner.main.ad.rit.edu\students\rug4133\IGMProfile\Desktop\DX 11 Ass 3\DirectX11_Starter\Debug\link.1432-rc.write.1.tlog
\\banner.main.ad.rit.edu\students\rug4133\IGMProfile\Desktop\DX 11 Ass 3\DirectX11_Starter\Debug\link.1432-cvtres.read.1.tlog
\\banner.main.ad.rit.edu\students\rug4133\IGMProfile\Desktop\DX 11 Ass 3\DirectX11_Starter\Debug\link.1432-cvtres.write.1.tlog
\\banner.main.ad.rit.edu\students\rug4133\IGMProfile\Desktop\DX 11 Ass 3\DirectX11_Starter\Debug\link.1432.read.1.tlog
\\banner.main.ad.rit.edu\students\rug4133\IGMProfile\Desktop\DX 11 Ass 3\DirectX11_Starter\Debug\link.1432.write.1.tlog
\\banner.main.ad.rit.edu\students\rug4133\IGMProfile\Desktop\DX 11 Ass 3\DirectX11_Starter\Debug\link.5152-rc.read.1.tlog
\\banner.main.ad.rit.edu\students\rug4133\IGMProfile\Desktop\DX 11 Ass 3\DirectX11_Starter\Debug\link.5152-rc.write.1.tlog
\\banner.main.ad.rit.edu\students\rug4133\IGMProfile\Desktop\DX 11 Ass 3\DirectX11_Starter\Debug\link.5152-cvtres.read.1.tlog
\\banner.main.ad.rit.edu\students\rug4133\IGMProfile\Desktop\DX 11 Ass 3\DirectX11_Starter\Debug\link.5152-cvtres.write.1.tlog
\\banner.main.ad.rit.edu\students\rug4133\IGMProfile\Desktop\DX 11 Ass 3\DirectX11_Starter\Debug\link.5152.read.1.tlog
\\banner.main.ad.rit.edu\students\rug4133\IGMProfile\Desktop\DX 11 Ass 3\DirectX11_Starter\Debug\link.5152.write.1.tlog
\\banner.main.ad.rit.edu\students\rug4133\IGMProfile\Desktop\DX 11 Ass 3\DirectX11_Starter\Debug\link.6392-rc.read.1.tlog
\\banner.main.ad.rit.edu\students\rug4133\IGMProfile\Desktop\DX 11 Ass 3\DirectX11_Starter\Debug\link.6392-rc.write.1.tlog
\\banner.main.ad.rit.edu\students\rug4133\IGMProfile\Desktop\DX 11 Ass 3\DirectX11_Starter\Debug\link.6392-cvtres.read.1.tlog
\\banner.main.ad.rit.edu\students\rug4133\IGMProfile\Desktop\DX 11 Ass 3\DirectX11_Starter\Debug\link.6392-cvtres.write.1.tlog
\\banner.main.ad.rit.edu\students\rug4133\IGMProfile\Desktop\DX 11 Ass 3\DirectX11_Starter\Debug\link.6392.read.1.tlog
\\banner.main.ad.rit.edu\students\rug4133\IGMProfile\Desktop\DX 11 Ass 3\DirectX11_Starter\Debug\link.6392.write.1.tlog
\\banner.main.ad.rit.edu\students\rug4133\IGMProfile\Desktop\DX 11 Ass 3\DirectX11_Starter\Debug\link.6468-rc.read.1.tlog
\\banner.main.ad.rit.edu\students\rug4133\IGMProfile\Desktop\DX 11 Ass 3\DirectX11_Starter\Debug\link.6468-rc.write.1.tlog
\\banner.main.ad.rit.edu\students\rug4133\IGMProfile\Desktop\DX 11 Ass 3\DirectX11_Starter\Debug\link.6468-cvtres.read.1.tlog
\\banner.main.ad.rit.edu\students\rug4133\IGMProfile\Desktop\DX 11 Ass 3\DirectX11_Starter\Debug\link.6468-cvtres.write.1.tlog
\\banner.main.ad.rit.edu\students\rug4133\IGMProfile\Desktop\DX 11 Ass 3\DirectX11_Starter\Debug\link.6468.read.1.tlog
\\banner.main.ad.rit.edu\students\rug4133\IGMProfile\Desktop\DX 11 Ass 3\DirectX11_Starter\Debug\link.6468.write.1.tlog
\\banner.main.ad.rit.edu\students\rug4133\IGMProfile\Desktop\DX 11 Ass 3\DirectX11_Starter\Debug\link.5820-rc.read.1.tlog
\\banner.main.ad.rit.edu\students\rug4133\IGMProfile\Desktop\DX 11 Ass 3\DirectX11_Starter\Debug\link.5820-rc.write.1.tlog
\\banner.main.ad.rit.edu\students\rug4133\IGMProfile\Desktop\DX 11 Ass 3\DirectX11_Starter\Debug\link.5820-cvtres.read.1.tlog
\\banner.main.ad.rit.edu\students\rug4133\IGMProfile\Desktop\DX 11 Ass 3\DirectX11_Starter\Debug\link.5820-cvtres.write.1.tlog
\\banner.main.ad.rit.edu\students\rug4133\IGMProfile\Desktop\DX 11 Ass 3\DirectX11_Starter\Debug\link.5820.read.1.tlog
\\banner.main.ad.rit.edu\students\rug4133\IGMProfile\Desktop\DX 11 Ass 3\DirectX11_Starter\Debug\link.5820.write.1.tlog
\\banner.main.ad.rit.edu\students\rug4133\IGMProfile\Desktop\DX 11 Ass 3\DirectX11_Starter\Debug\link.5196-rc.read.1.tlog
\\banner.main.ad.rit.edu\students\rug4133\IGMProfile\Desktop\DX 11 Ass 3\DirectX11_Starter\Debug\link.5196-rc.write.1.tlog
\\banner.main.ad.rit.edu\students\rug4133\IGMProfile\Desktop\DX 11 Ass 3\DirectX11_Starter\Debug\link.5196-cvtres.read.1.tlog
\\banner.main.ad.rit.edu\students\rug4133\IGMProfile\Desktop\DX 11 Ass 3\DirectX11_Starter\Debug\link.5196-cvtres.write.1.tlog
\\banner.main.ad.rit.edu\students\rug4133\IGMProfile\Desktop\DX 11 Ass 3\DirectX11_Starter\Debug\link.5196.read.1.tlog
\\banner.main.ad.rit.edu\students\rug4133\IGMProfile\Desktop\DX 11 Ass 3\DirectX11_Starter\Debug\link.5196.write.1.tlog
\\banner.main.ad.rit.edu\students\rug4133\IGMProfile\Desktop\DX 11 Ass 3\DirectX11_Starter\Debug\link.5728-rc.read.1.tlog
\\banner.main.ad.rit.edu\students\rug4133\IGMProfile\Desktop\DX 11 Ass 3\DirectX11_Starter\Debug\link.5728-rc.write.1.tlog
\\banner.main.ad.rit.edu\students\rug4133\IGMProfile\Desktop\DX 11 Ass 3\DirectX11_Starter\Debug\link.5728-cvtres.read.1.tlog
\\banner.main.ad.rit.edu\students\rug4133\IGMProfile\Desktop\DX 11 Ass 3\DirectX11_Starter\Debug\link.5728-cvtres.write.1.tlog
\\banner.main.ad.rit.edu\students\rug4133\IGMProfile\Desktop\DX 11 Ass 3\DirectX11_Starter\Debug\link.5728.read.1.tlog
\\banner.main.ad.rit.edu\students\rug4133\IGMProfile\Desktop\DX 11 Ass 3\DirectX11_Starter\Debug\link.5728.write.1.tlog
\\banner.main.ad.rit.edu\students\rug4133\IGMProfile\Desktop\DX 11 Ass 3\DirectX11_Starter\Debug\link.1076-rc.read.1.tlog
\\banner.main.ad.rit.edu\students\rug4133\IGMProfile\Desktop\DX 11 Ass 3\DirectX11_Starter\Debug\link.1076-rc.write.1.tlog
\\banner.main.ad.rit.edu\students\rug4133\IGMProfile\Desktop\DX 11 Ass 3\DirectX11_Starter\Debug\link.1076-cvtres.read.1.tlog
\\banner.main.ad.rit.edu\students\rug4133\IGMProfile\Desktop\DX 11 Ass 3\DirectX11_Starter\Debug\link.1076-cvtres.write.1.tlog
\\banner.main.ad.rit.edu\students\rug4133\IGMProfile\Desktop\DX 11 Ass 3\DirectX11_Starter\Debug\link.1076.read.1.tlog
\\banner.main.ad.rit.edu\students\rug4133\IGMProfile\Desktop\DX 11 Ass 3\DirectX11_Starter\Debug\link.1076.write.1.tlog
\\banner.main.ad.rit.edu\students\rug4133\IGMProfile\Desktop\DX 11 Ass 3\DirectX11_Starter\Debug\link.6436-rc.read.1.tlog
\\banner.main.ad.rit.edu\students\rug4133\IGMProfile\Desktop\DX 11 Ass 3\DirectX11_Starter\Debug\link.6436-rc.write.1.tlog
\\banner.main.ad.rit.edu\students\rug4133\IGMProfile\Desktop\DX 11 Ass 3\DirectX11_Starter\Debug\link.6436-cvtres.read.1.tlog
\\banner.main.ad.rit.edu\students\rug4133\IGMProfile\Desktop\DX 11 Ass 3\DirectX11_Starter\Debug\link.6436-cvtres.write.1.tlog
\\banner.main.ad.rit.edu\students\rug4133\IGMProfile\Desktop\DX 11 Ass 3\DirectX11_Starter\Debug\link.6436.read.1.tlog
\\banner.main.ad.rit.edu\students\rug4133\IGMProfile\Desktop\DX 11 Ass 3\DirectX11_Starter\Debug\link.6436.write.1.tlog
\\banner.main.ad.rit.edu\students\rug4133\IGMProfile\Desktop\DX 11 Ass 3\DirectX11_Starter\Debug\link.4904-rc.read.1.tlog
\\banner.main.ad.rit.edu\students\rug4133\IGMProfile\Desktop\DX 11 Ass 3\DirectX11_Starter\Debug\link.4904-rc.write.1.tlog
\\banner.main.ad.rit.edu\students\rug4133\IGMProfile\Desktop\DX 11 Ass 3\DirectX11_Starter\Debug\link.4904-cvtres.read.1.tlog
\\banner.main.ad.rit.edu\students\rug4133\IGMProfile\Desktop\DX 11 Ass 3\DirectX11_Starter\Debug\link.4904-cvtres.write.1.tlog
\\banner.main.ad.rit.edu\students\rug4133\IGMProfile\Desktop\DX 11 Ass 3\DirectX11_Starter\Debug\link.4904.read.1.tlog
\\banner.main.ad.rit.edu\students\rug4133\IGMProfile\Desktop\DX 11 Ass 3\DirectX11_Starter\Debug\link.4904.write.1.tlog
\\banner.main.ad.rit.edu\students\rug4133\IGMProfile\Desktop\DX 11 Ass 3\DirectX11_Starter\Debug\link.5472-rc.read.1.tlog
\\banner.main.ad.rit.edu\students\rug4133\IGMProfile\Desktop\DX 11 Ass 3\DirectX11_Starter\Debug\link.5472-rc.write.1.tlog
\\banner.main.ad.rit.edu\students\rug4133\IGMProfile\Desktop\DX 11 Ass 3\DirectX11_Starter\Debug\link.5472-cvtres.read.1.tlog
\\banner.main.ad.rit.edu\students\rug4133\IGMProfile\Desktop\DX 11 Ass 3\DirectX11_Starter\Debug\link.5472-cvtres.write.1.tlog
\\banner.main.ad.rit.edu\students\rug4133\IGMProfile\Desktop\DX 11 Ass 3\DirectX11_Starter\Debug\link.5472.read.1.tlog
\\banner.main.ad.rit.edu\students\rug4133\IGMProfile\Desktop\DX 11 Ass 3\DirectX11_Starter\Debug\link.5472.write.1.tlog
\\banner.main.ad.rit.edu\students\rug4133\IGMProfile\Desktop\DX 11 Ass 3\DirectX11_Starter\Debug\link.4424-rc.read.1.tlog
\\banner.main.ad.rit.edu\students\rug4133\IGMProfile\Desktop\DX 11 Ass 3\DirectX11_Starter\Debug\link.4424-rc.write.1.tlog
\\banner.main.ad.rit.edu\students\rug4133\IGMProfile\Desktop\DX 11 Ass 3\DirectX11_Starter\Debug\link.4424-cvtres.read.1.tlog
\\banner.main.ad.rit.edu\students\rug4133\IGMProfile\Desktop\DX 11 Ass 3\DirectX11_Starter\Debug\link.4424-cvtres.write.1.tlog
\\banner.main.ad.rit.edu\students\rug4133\IGMProfile\Desktop\DX 11 Ass 3\DirectX11_Starter\Debug\link.4424.read.1.tlog
\\banner.main.ad.rit.edu\students\rug4133\IGMProfile\Desktop\DX 11 Ass 3\DirectX11_Starter\Debug\link.4424.write.1.tlog
\\banner.main.ad.rit.edu\students\rug4133\IGMProfile\Desktop\DX 11 Ass 3\DirectX11_Starter\Debug\link.2188-rc.read.1.tlog
\\banner.main.ad.rit.edu\students\rug4133\IGMProfile\Desktop\DX 11 Ass 3\DirectX11_Starter\Debug\link.2188-rc.write.1.tlog
\\banner.main.ad.rit.edu\students\rug4133\IGMProfile\Desktop\DX 11 Ass 3\DirectX11_Starter\Debug\link.2188-cvtres.read.1.tlog
\\banner.main.ad.rit.edu\students\rug4133\IGMProfile\Desktop\DX 11 Ass 3\DirectX11_Starter\Debug\link.2188-cvtres.write.1.tlog
\\banner.main.ad.rit.edu\students\rug4133\IGMProfile\Desktop\DX 11 Ass 3\DirectX11_Starter\Debug\link.2188.read.1.tlog
\\banner.main.ad.rit.edu\students\rug4133\IGMProfile\Desktop\DX 11 Ass 3\DirectX11_Starter\Debug\link.2188.write.1.tlog
\\banner.main.ad.rit.edu\students\rug4133\IGMProfile\Desktop\DX 11 Ass 3\DirectX11_Starter\Debug\link-rc.read.1.tlog
\\banner.main.ad.rit.edu\students\rug4133\IGMProfile\Desktop\DX 11 Ass 3\DirectX11_Starter\Debug\link-rc.write.1.tlog
\\banner.main.ad.rit.edu\students\rug4133\IGMProfile\Desktop\DX 11 Ass 3\DirectX11_Starter\Debug\link-cvtres.read.1.tlog
\\banner.main.ad.rit.edu\students\rug4133\IGMProfile\Desktop\DX 11 Ass 3\DirectX11_Starter\Debug\link-cvtres.write.1.tlog
\\banner.main.ad.rit.edu\students\rug4133\IGMProfile\Desktop\DX 11 Ass 3\DirectX11_Starter\Debug\link.5208-rc.read.1.tlog
\\banner.main.ad.rit.edu\students\rug4133\IGMProfile\Desktop\DX 11 Ass 3\DirectX11_Starter\Debug\link.5208-rc.write.1.tlog
\\banner.main.ad.rit.edu\students\rug4133\IGMProfile\Desktop\DX 11 Ass 3\DirectX11_Starter\Debug\link.5208-cvtres.read.1.tlog
\\banner.main.ad.rit.edu\students\rug4133\IGMProfile\Desktop\DX 11 Ass 3\DirectX11_Starter\Debug\link.5208-cvtres.write.1.tlog
\\banner.main.ad.rit.edu\students\rug4133\IGMProfile\Desktop\DX 11 Ass 3\DirectX11_Starter\Debug\link.5208.read.1.tlog
\\banner.main.ad.rit.edu\students\rug4133\IGMProfile\Desktop\DX 11 Ass 3\DirectX11_Starter\Debug\link.5208.write.1.tlog
\\banner.main.ad.rit.edu\students\rug4133\IGMProfile\Desktop\DX 11 Ass 3\DirectX11_Starter\Debug\link.7580-rc.read.1.tlog
\\banner.main.ad.rit.edu\students\rug4133\IGMProfile\Desktop\DX 11 Ass 3\DirectX11_Starter\Debug\link.7580-rc.write.1.tlog
\\banner.main.ad.rit.edu\students\rug4133\IGMProfile\Desktop\DX 11 Ass 3\DirectX11_Starter\Debug\link.7580-cvtres.read.1.tlog
\\banner.main.ad.rit.edu\students\rug4133\IGMProfile\Desktop\DX 11 Ass 3\DirectX11_Starter\Debug\link.7580-cvtres.write.1.tlog
\\banner.main.ad.rit.edu\students\rug4133\IGMProfile\Desktop\DX 11 Ass 3\DirectX11_Starter\Debug\link.7580.read.1.tlog
\\banner.main.ad.rit.edu\students\rug4133\IGMProfile\Desktop\DX 11 Ass 3\DirectX11_Starter\Debug\link.7580.write.1.tlog
\\banner.main.ad.rit.edu\students\rug4133\IGMProfile\Desktop\DX 11 Ass 3\DirectX11_Starter\Debug\vc110.idb
\\banner.main.ad.rit.edu\students\rug4133\IGMProfile\Desktop\DX 11 Ass 3\DirectX11_Starter\Debug\vc110.pdb
\\banner.main.ad.rit.edu\students\rug4133\IGMProfile\Desktop\DX 11 Ass 3\DirectX11_Starter\Debug\TZRES.DLL.bi
\\banner.main.ad.rit.edu\students\rug4133\IGMProfile\Desktop\DX 11 Ass 3\Debug\DirectX11_Starter.pdb
\\banner.main.ad.rit.edu\students\rug4133\IGMProfile\Desktop\DX 11 Ass 3\Debug\DirectX11_Starter.exe
\\banner.main.ad.rit.edu\students\rug4133\IGMProfile\Desktop\DX 11 Ass 3\Debug\DirectX11_Starter.ilk
