Build started 3/7/2014 8:09:53 PM.
     1>Project "\\banner.main.ad.rit.edu\students\rug4133\IGMProfile\Desktop\DX 11 Ass 3\DirectX11_Starter\DirectX11_Starter.vcxproj" on node 2 (Build target(s)).
     1>ClCompile:
         C:\Program Files (x86)\Microsoft Visual Studio 11.0\VC\bin\CL.exe /c /I"\\banner.main.ad.rit.edu\students\rug4133\IGMProfile\Desktop\DX 11 Ass 3\\DirectXTK\inc" /I"\\banner.main.ad.rit.edu\students\rug4133\IGMProfile\Desktop\DX 11 Ass 3\\Toolkit\inc" /ZI /nologo /W0 /WX- /sdl /Od /Oy- /D _UNICODE /D UNICODE /Gm /EHsc /RTC1 /MDd /GS /fp:precise /Zc:wchar_t /Zc:forScope /Fo"Debug\\" /Fd"Debug\vc110.pdb" /Gd /TP /analyze- /errorReport:prompt DemoGame.cpp Entity.cpp
         DemoGame.cpp
         Generating Code...
         Skipping... (no relevant changes detected)
         Entity.cpp
       Link:
         C:\Program Files (x86)\Microsoft Visual Studio 11.0\VC\bin\link.exe /ERRORREPORT:PROMPT /OUT:"\\banner.main.ad.rit.edu\students\rug4133\IGMProfile\Desktop\DX 11 Ass 3\Debug\DirectX11_Starter.exe" /INCREMENTAL /NOLOGO d3d11.lib d3dcompiler.lib kernel32.lib user32.lib gdi32.lib winspool.lib comdlg32.lib advapi32.lib shell32.lib ole32.lib oleaut32.lib uuid.lib odbc32.lib odbccp32.lib /MANIFEST /MANIFESTUAC:"level='asInvoker' uiAccess='false'" /manifest:embed /DEBUG /PDB:"\\banner.main.ad.rit.edu\students\rug4133\IGMProfile\Desktop\DX 11 Ass 3\Debug\DirectX11_Starter.pdb" /TLBID:1 /DYNAMICBASE /NXCOMPAT /IMPLIB:"\\banner.main.ad.rit.edu\students\rug4133\IGMProfile\Desktop\DX 11 Ass 3\Debug\DirectX11_Starter.lib" /MACHINE:X86 Debug\DemoGame.obj
         Debug\dxerr.obj
         Debug\DXGame.obj
         Debug\Entity.obj
         Debug\GameTimer.obj
         Debug\Material.obj
         Debug\Mesh.obj
         "\\banner.main.ad.rit.edu\students\rug4133\IGMProfile\Desktop\DX 11 Ass 3\DirectX11_Starter\Toolkit\Bin\Desktop_2012\Win32\Debug\DirectXTK.lib"
         DirectX11_Starter.vcxproj -> \\banner.main.ad.rit.edu\students\rug4133\IGMProfile\Desktop\DX 11 Ass 3\Debug\DirectX11_Starter.exe
     1>Done Building Project "\\banner.main.ad.rit.edu\students\rug4133\IGMProfile\Desktop\DX 11 Ass 3\DirectX11_Starter\DirectX11_Starter.vcxproj" (Build target(s)).

Build succeeded.

Time Elapsed 00:00:09.40
